[2016-08-28 08:25:43] TODOLIST.INFO: Matched route "home". {"route_parameters":{"_controller":"TodoList\\Controller\\HomeController::indexAction","_route":"home"},"request_uri":"http://todolist/"} []
[2016-08-28 08:25:43] TODOLIST.INFO: > GET / [] []
[2016-08-28 08:25:43] TODOLIST.INFO: < 200 [] []
[2016-08-28 08:25:44] TODOLIST.INFO: Matched route "_wdt". {"route_parameters":{"_controller":"web_profiler.controller.profiler:toolbarAction","token":"096f0a","_route":"_wdt"},"request_uri":"http://todolist/_profiler/wdt/096f0a"} []
[2016-08-28 08:25:44] TODOLIST.INFO: > GET /_profiler/wdt/096f0a [] []
[2016-08-28 08:25:45] TODOLIST.INFO: < 200 [] []
[2016-08-28 08:27:51] TODOLIST.INFO: Matched route "home". {"route_parameters":{"_controller":"TodoList\\Controller\\HomeController::indexAction","_route":"home"},"request_uri":"http://todolist/"} []
[2016-08-28 08:27:51] TODOLIST.INFO: > GET / [] []
[2016-08-28 08:27:51] TODOLIST.INFO: < 200 [] []
[2016-08-28 08:27:52] TODOLIST.INFO: Matched route "_wdt". {"route_parameters":{"_controller":"web_profiler.controller.profiler:toolbarAction","token":"efd8ff","_route":"_wdt"},"request_uri":"http://todolist/_profiler/wdt/efd8ff"} []
[2016-08-28 08:27:52] TODOLIST.INFO: > GET /_profiler/wdt/efd8ff [] []
[2016-08-28 08:27:52] TODOLIST.INFO: < 200 [] []
[2016-08-28 08:32:46] TODOLIST.INFO: Matched route "home". {"route_parameters":{"_controller":"TodoList\\Controller\\HomeController::indexAction","_route":"home"},"request_uri":"http://todolist/"} []
[2016-08-28 08:32:46] TODOLIST.INFO: > GET / [] []
[2016-08-28 08:32:46] TODOLIST.INFO: < 200 [] []
[2016-08-28 08:32:47] TODOLIST.INFO: Matched route "_wdt". {"route_parameters":{"_controller":"web_profiler.controller.profiler:toolbarAction","token":"1be70d","_route":"_wdt"},"request_uri":"http://todolist/_profiler/wdt/1be70d"} []
[2016-08-28 08:32:47] TODOLIST.INFO: > GET /_profiler/wdt/1be70d [] []
[2016-08-28 08:32:48] TODOLIST.INFO: < 200 [] []
[2016-08-28 08:34:35] TODOLIST.INFO: Matched route "home". {"route_parameters":{"_controller":"TodoList\\Controller\\HomeController::indexAction","_route":"home"},"request_uri":"http://todolist/"} []
[2016-08-28 08:34:35] TODOLIST.INFO: > GET / [] []
[2016-08-28 08:34:35] TODOLIST.INFO: < 200 [] []
[2016-08-28 08:34:36] TODOLIST.ERROR: Symfony\Component\HttpKernel\Exception\NotFoundHttpException: No route found for "GET /lib/bootstrap/bootstrap.min.js" (from "http://todolist/") (uncaught exception) at C:\wamp64\www\TodoList\vendor\symfony\http-kernel\EventListener\RouterListener.php line 176 {"exception":"[object] (Symfony\\Component\\HttpKernel\\Exception\\NotFoundHttpException(code: 0): No route found for \"GET /lib/bootstrap/bootstrap.min.js\" (from \"http://todolist/\") at C:\\wamp64\\www\\TodoList\\vendor\\symfony\\http-kernel\\EventListener\\RouterListener.php:176, Symfony\\Component\\Routing\\Exception\\ResourceNotFoundException(code: 0): No routes found for \"/lib/bootstrap/bootstrap.min.js\". at C:\\wamp64\\www\\TodoList\\vendor\\symfony\\routing\\Matcher\\UrlMatcher.php:98)"} []
[2016-08-28 08:34:36] TODOLIST.INFO: < 404 [] []
[2016-08-28 08:34:36] TODOLIST.INFO: Matched route "_wdt". {"route_parameters":{"_controller":"web_profiler.controller.profiler:toolbarAction","token":"ea94b0","_route":"_wdt"},"request_uri":"http://todolist/_profiler/wdt/ea94b0"} []
[2016-08-28 08:34:36] TODOLIST.INFO: > GET /_profiler/wdt/ea94b0 [] []
[2016-08-28 08:34:37] TODOLIST.INFO: < 200 [] []
[2016-08-28 08:34:54] TODOLIST.INFO: Matched route "home". {"route_parameters":{"_controller":"TodoList\\Controller\\HomeController::indexAction","_route":"home"},"request_uri":"http://todolist/"} []
[2016-08-28 08:34:54] TODOLIST.INFO: > GET / [] []
[2016-08-28 08:34:54] TODOLIST.INFO: < 200 [] []
[2016-08-28 08:34:55] TODOLIST.INFO: Matched route "_wdt". {"route_parameters":{"_controller":"web_profiler.controller.profiler:toolbarAction","token":"77512d","_route":"_wdt"},"request_uri":"http://todolist/_profiler/wdt/77512d"} []
[2016-08-28 08:34:55] TODOLIST.INFO: > GET /_profiler/wdt/77512d [] []
[2016-08-28 08:34:55] TODOLIST.INFO: < 200 [] []
[2016-08-28 08:35:06] TODOLIST.INFO: Matched route "home". {"route_parameters":{"_controller":"TodoList\\Controller\\HomeController::indexAction","_route":"home"},"request_uri":"http://todolist/"} []
[2016-08-28 08:35:06] TODOLIST.INFO: > GET / [] []
[2016-08-28 08:35:07] TODOLIST.INFO: < 200 [] []
[2016-08-28 08:35:07] TODOLIST.INFO: Matched route "_wdt". {"route_parameters":{"_controller":"web_profiler.controller.profiler:toolbarAction","token":"84e031","_route":"_wdt"},"request_uri":"http://todolist/_profiler/wdt/84e031"} []
[2016-08-28 08:35:07] TODOLIST.INFO: > GET /_profiler/wdt/84e031 [] []
[2016-08-28 08:35:08] TODOLIST.INFO: < 200 [] []
[2016-08-28 08:35:47] TODOLIST.INFO: Matched route "home". {"route_parameters":{"_controller":"TodoList\\Controller\\HomeController::indexAction","_route":"home"},"request_uri":"http://todolist/"} []
[2016-08-28 08:35:47] TODOLIST.INFO: > GET / [] []
[2016-08-28 08:35:47] TODOLIST.INFO: < 200 [] []
[2016-08-28 08:35:48] TODOLIST.INFO: Matched route "_wdt". {"route_parameters":{"_controller":"web_profiler.controller.profiler:toolbarAction","token":"4cca6c","_route":"_wdt"},"request_uri":"http://todolist/_profiler/wdt/4cca6c"} []
[2016-08-28 08:35:48] TODOLIST.INFO: > GET /_profiler/wdt/4cca6c [] []
[2016-08-28 08:35:49] TODOLIST.INFO: < 200 [] []
[2016-08-28 08:55:13] TODOLIST.INFO: Matched route "home". {"route_parameters":{"_controller":"TodoList\\Controller\\HomeController::indexAction","_route":"home"},"request_uri":"http://localhost/"} []
[2016-08-28 08:55:13] TODOLIST.INFO: > GET / [] []
[2016-08-28 08:55:13] TODOLIST.INFO: < 200 [] []
